app/build/intermediates/manifest_merge_blame_file/debug/processDebugMainManifest/manifest-merger-blame-debug-report.txt
1<?xml version="1.0" encoding="utf-8"?>
2<manifest xmlns:android="http://schemas.android.com/apk/res/android"
3    package="com.bgrecorder.app.debug"
4    android:versionCode="1"
5    android:versionName="1.0.0" >
6
7    <uses-sdk
8        android:minSdkVersion="26"
9        android:targetSdkVersion="34" />
10
11    <!-- Permissions -->
12    <uses-permission android:name="android.permission.CAMERA" />
12-->src\main\AndroidManifest.xml:6:5-65
12-->src\main\AndroidManifest.xml:6:22-62
13    <uses-permission android:name="android.permission.RECORD_AUDIO" />
13-->src\main\AndroidManifest.xml:7:5-71
13-->src\main\AndroidManifest.xml:7:22-68
14    <uses-permission
14-->src\main\AndroidManifest.xml:8:5-9:38
15        android:name="android.permission.WRITE_EXTERNAL_STORAGE"
15-->src\main\AndroidManifest.xml:8:22-78
16        android:maxSdkVersion="28" />
16-->src\main\AndroidManifest.xml:9:9-35
17    <uses-permission
17-->src\main\AndroidManifest.xml:10:5-11:38
18        android:name="android.permission.READ_EXTERNAL_STORAGE"
18-->src\main\AndroidManifest.xml:10:22-77
19        android:maxSdkVersion="32" />
19-->src\main\AndroidManifest.xml:11:9-35
20    <uses-permission android:name="android.permission.FOREGROUND_SERVICE" />
20-->src\main\AndroidManifest.xml:12:5-77
20-->src\main\AndroidManifest.xml:12:22-74
21    <uses-permission android:name="android.permission.FOREGROUND_SERVICE_CAMERA" />
21-->src\main\AndroidManifest.xml:13:5-84
21-->src\main\AndroidManifest.xml:13:22-81
22    <uses-permission android:name="android.permission.FOREGROUND_SERVICE_MICROPHONE" />
22-->src\main\AndroidManifest.xml:14:5-88
22-->src\main\AndroidManifest.xml:14:22-85
23    <uses-permission android:name="android.permission.POST_NOTIFICATIONS" />
23-->src\main\AndroidManifest.xml:15:5-77
23-->src\main\AndroidManifest.xml:15:22-74
24    <uses-permission android:name="android.permission.RECEIVE_BOOT_COMPLETED" />
24-->src\main\AndroidManifest.xml:16:5-81
24-->src\main\AndroidManifest.xml:16:22-78
25    <uses-permission android:name="android.permission.WAKE_LOCK" />
25-->src\main\AndroidManifest.xml:17:5-68
25-->src\main\AndroidManifest.xml:17:22-65
26
27    <!-- Hardware features -->
28    <uses-feature
28-->src\main\AndroidManifest.xml:20:5-84
29        android:name="android.hardware.camera"
29-->src\main\AndroidManifest.xml:20:19-57
30        android:required="true" />
30-->src\main\AndroidManifest.xml:20:58-81
31    <uses-feature
31-->src\main\AndroidManifest.xml:21:5-95
32        android:name="android.hardware.camera.autofocus"
32-->src\main\AndroidManifest.xml:21:19-67
33        android:required="false" />
33-->src\main\AndroidManifest.xml:21:68-92
34    <uses-feature
34-->src\main\AndroidManifest.xml:22:5-88
35        android:name="android.hardware.microphone"
35-->src\main\AndroidManifest.xml:22:19-61
36        android:required="true" />
36-->src\main\AndroidManifest.xml:22:62-85
37
38    <permission
38-->[androidx.core:core:1.12.0] AndroidManifest.xml:22:5-24:47
39        android:name="com.bgrecorder.app.debug.DYNAMIC_RECEIVER_NOT_EXPORTED_PERMISSION"
39-->[androidx.core:core:1.12.0] AndroidManifest.xml:23:9-81
40        android:protectionLevel="signature" />
40-->[androidx.core:core:1.12.0] AndroidManifest.xml:24:9-44
41
42    <uses-permission android:name="com.bgrecorder.app.debug.DYNAMIC_RECEIVER_NOT_EXPORTED_PERMISSION" />
42-->[androidx.core:core:1.12.0] AndroidManifest.xml:26:5-97
42-->[androidx.core:core:1.12.0] AndroidManifest.xml:26:22-94
43
44    <application
44-->src\main\AndroidManifest.xml:24:5-91:19
45        android:allowBackup="true"
45-->src\main\AndroidManifest.xml:25:9-35
46        android:appComponentFactory="androidx.core.app.CoreComponentFactory"
46-->[androidx.core:core:1.12.0] AndroidManifest.xml:28:18-86
47        android:dataExtractionRules="@xml/data_extraction_rules"
47-->src\main\AndroidManifest.xml:26:9-65
48        android:debuggable="true"
49        android:extractNativeLibs="false"
50        android:fullBackupContent="@xml/backup_rules"
50-->src\main\AndroidManifest.xml:27:9-54
51        android:icon="@mipmap/ic_launcher"
51-->src\main\AndroidManifest.xml:28:9-43
52        android:label="@string/app_name"
52-->src\main\AndroidManifest.xml:29:9-41
53        android:roundIcon="@mipmap/ic_launcher_round"
53-->src\main\AndroidManifest.xml:30:9-54
54        android:supportsRtl="true"
54-->src\main\AndroidManifest.xml:31:9-35
55        android:testOnly="true"
56        android:theme="@style/Theme.BackgroundVideoRecorder" >
56-->src\main\AndroidManifest.xml:32:9-61
57
58        <!-- Main Activity -->
59        <activity
59-->src\main\AndroidManifest.xml:36:9-44:20
60            android:name="com.bgrecorder.app.MainActivity"
60-->src\main\AndroidManifest.xml:37:13-41
61            android:exported="true"
61-->src\main\AndroidManifest.xml:38:13-36
62            android:screenOrientation="portrait" >
62-->src\main\AndroidManifest.xml:39:13-49
63            <intent-filter>
63-->src\main\AndroidManifest.xml:40:13-43:29
64                <action android:name="android.intent.action.MAIN" />
64-->src\main\AndroidManifest.xml:41:17-69
64-->src\main\AndroidManifest.xml:41:25-66
65
66                <category android:name="android.intent.category.LAUNCHER" />
66-->src\main\AndroidManifest.xml:42:17-77
66-->src\main\AndroidManifest.xml:42:27-74
67            </intent-filter>
68        </activity>
69
70        <!-- Settings Activity -->
71        <activity
71-->src\main\AndroidManifest.xml:47:9-51:58
72            android:name="com.bgrecorder.app.SettingsActivity"
72-->src\main\AndroidManifest.xml:48:13-45
73            android:exported="false"
73-->src\main\AndroidManifest.xml:49:13-37
74            android:parentActivityName="com.bgrecorder.app.MainActivity"
74-->src\main\AndroidManifest.xml:51:13-55
75            android:screenOrientation="portrait" />
75-->src\main\AndroidManifest.xml:50:13-49
76
77        <!-- Recordings Activity -->
78        <activity
78-->src\main\AndroidManifest.xml:54:9-58:58
79            android:name="com.bgrecorder.app.RecordingsActivity"
79-->src\main\AndroidManifest.xml:55:13-47
80            android:exported="false"
80-->src\main\AndroidManifest.xml:56:13-37
81            android:parentActivityName="com.bgrecorder.app.MainActivity"
81-->src\main\AndroidManifest.xml:58:13-55
82            android:screenOrientation="portrait" />
82-->src\main\AndroidManifest.xml:57:13-49
83
84        <!-- Background Recording Service -->
85        <service
85-->src\main\AndroidManifest.xml:61:9-64:65
86            android:name="com.bgrecorder.app.service.RecordingService"
86-->src\main\AndroidManifest.xml:62:13-53
87            android:exported="false"
87-->src\main\AndroidManifest.xml:63:13-37
88            android:foregroundServiceType="camera|microphone" />
88-->src\main\AndroidManifest.xml:64:13-62
89
90        <!-- App Widget Provider -->
91        <receiver
91-->src\main\AndroidManifest.xml:67:9-78:20
92            android:name="com.bgrecorder.app.widget.RecorderWidget"
92-->src\main\AndroidManifest.xml:68:13-50
93            android:exported="true" >
93-->src\main\AndroidManifest.xml:69:13-36
94            <intent-filter>
94-->src\main\AndroidManifest.xml:70:13-74:29
95                <action android:name="android.appwidget.action.APPWIDGET_UPDATE" />
95-->src\main\AndroidManifest.xml:71:17-84
95-->src\main\AndroidManifest.xml:71:25-81
96                <action android:name="com.bgrecorder.app.START_RECORDING" />
96-->src\main\AndroidManifest.xml:72:17-77
96-->src\main\AndroidManifest.xml:72:25-74
97                <action android:name="com.bgrecorder.app.STOP_RECORDING" />
97-->src\main\AndroidManifest.xml:73:17-76
97-->src\main\AndroidManifest.xml:73:25-73
98            </intent-filter>
99
100            <meta-data
100-->src\main\AndroidManifest.xml:75:13-77:64
101                android:name="android.appwidget.provider"
101-->src\main\AndroidManifest.xml:76:17-58
102                android:resource="@xml/recorder_widget_info" />
102-->src\main\AndroidManifest.xml:77:17-61
103        </receiver>
104
105        <!-- FileProvider for sharing recordings -->
106        <provider
107            android:name="androidx.core.content.FileProvider"
107-->src\main\AndroidManifest.xml:82:13-62
108            android:authorities="com.bgrecorder.app.debug.provider"
108-->src\main\AndroidManifest.xml:83:13-60
109            android:exported="false"
109-->src\main\AndroidManifest.xml:84:13-37
110            android:grantUriPermissions="true" >
110-->src\main\AndroidManifest.xml:85:13-47
111            <meta-data
111-->src\main\AndroidManifest.xml:86:13-88:54
112                android:name="android.support.FILE_PROVIDER_PATHS"
112-->src\main\AndroidManifest.xml:87:17-67
113                android:resource="@xml/file_paths" />
113-->src\main\AndroidManifest.xml:88:17-51
114        </provider>
115        <provider
115-->[androidx.emoji2:emoji2:1.2.0] AndroidManifest.xml:24:9-32:20
116            android:name="androidx.startup.InitializationProvider"
116-->[androidx.emoji2:emoji2:1.2.0] AndroidManifest.xml:25:13-67
117            android:authorities="com.bgrecorder.app.debug.androidx-startup"
117-->[androidx.emoji2:emoji2:1.2.0] AndroidManifest.xml:26:13-68
118            android:exported="false" >
118-->[androidx.emoji2:emoji2:1.2.0] AndroidManifest.xml:27:13-37
119            <meta-data
119-->[androidx.emoji2:emoji2:1.2.0] AndroidManifest.xml:29:13-31:52
120                android:name="androidx.emoji2.text.EmojiCompatInitializer"
120-->[androidx.emoji2:emoji2:1.2.0] AndroidManifest.xml:30:17-75
121                android:value="androidx.startup" />
121-->[androidx.emoji2:emoji2:1.2.0] AndroidManifest.xml:31:17-49
122            <meta-data
122-->[androidx.lifecycle:lifecycle-process:2.7.0] AndroidManifest.xml:29:13-31:52
123                android:name="androidx.lifecycle.ProcessLifecycleInitializer"
123-->[androidx.lifecycle:lifecycle-process:2.7.0] AndroidManifest.xml:30:17-78
124                android:value="androidx.startup" />
124-->[androidx.lifecycle:lifecycle-process:2.7.0] AndroidManifest.xml:31:17-49
125            <meta-data
125-->[androidx.profileinstaller:profileinstaller:1.3.0] AndroidManifest.xml:29:13-31:52
126                android:name="androidx.profileinstaller.ProfileInstallerInitializer"
126-->[androidx.profileinstaller:profileinstaller:1.3.0] AndroidManifest.xml:30:17-85
127                android:value="androidx.startup" />
127-->[androidx.profileinstaller:profileinstaller:1.3.0] AndroidManifest.xml:31:17-49
128        </provider>
129
130        <uses-library
130-->[androidx.window:window:1.0.0] AndroidManifest.xml:25:9-27:40
131            android:name="androidx.window.extensions"
131-->[androidx.window:window:1.0.0] AndroidManifest.xml:26:13-54
132            android:required="false" />
132-->[androidx.window:window:1.0.0] AndroidManifest.xml:27:13-37
133        <uses-library
133-->[androidx.window:window:1.0.0] AndroidManifest.xml:28:9-30:40
134            android:name="androidx.window.sidecar"
134-->[androidx.window:window:1.0.0] AndroidManifest.xml:29:13-51
135            android:required="false" />
135-->[androidx.window:window:1.0.0] AndroidManifest.xml:30:13-37
136
137        <receiver
137-->[androidx.profileinstaller:profileinstaller:1.3.0] AndroidManifest.xml:34:9-52:20
138            android:name="androidx.profileinstaller.ProfileInstallReceiver"
138-->[androidx.profileinstaller:profileinstaller:1.3.0] AndroidManifest.xml:35:13-76
139            android:directBootAware="false"
139-->[androidx.profileinstaller:profileinstaller:1.3.0] AndroidManifest.xml:36:13-44
140            android:enabled="true"
140-->[androidx.profileinstaller:profileinstaller:1.3.0] AndroidManifest.xml:37:13-35
141            android:exported="true"
141-->[androidx.profileinstaller:profileinstaller:1.3.0] AndroidManifest.xml:38:13-36
142            android:permission="android.permission.DUMP" >
142-->[androidx.profileinstaller:profileinstaller:1.3.0] AndroidManifest.xml:39:13-57
143            <intent-filter>
143-->[androidx.profileinstaller:profileinstaller:1.3.0] AndroidManifest.xml:40:13-42:29
144                <action android:name="androidx.profileinstaller.action.INSTALL_PROFILE" />
144-->[androidx.profileinstaller:profileinstaller:1.3.0] AndroidManifest.xml:41:17-91
144-->[androidx.profileinstaller:profileinstaller:1.3.0] AndroidManifest.xml:41:25-88
145            </intent-filter>
146            <intent-filter>
146-->[androidx.profileinstaller:profileinstaller:1.3.0] AndroidManifest.xml:43:13-45:29
147                <action android:name="androidx.profileinstaller.action.SKIP_FILE" />
147-->[androidx.profileinstaller:profileinstaller:1.3.0] AndroidManifest.xml:44:17-85
147-->[androidx.profileinstaller:profileinstaller:1.3.0] AndroidManifest.xml:44:25-82
148            </intent-filter>
149            <intent-filter>
149-->[androidx.profileinstaller:profileinstaller:1.3.0] AndroidManifest.xml:46:13-48:29
150                <action android:name="androidx.profileinstaller.action.SAVE_PROFILE" />
150-->[androidx.profileinstaller:profileinstaller:1.3.0] AndroidManifest.xml:47:17-88
150-->[androidx.profileinstaller:profileinstaller:1.3.0] AndroidManifest.xml:47:25-85
151            </intent-filter>
152            <intent-filter>
152-->[androidx.profileinstaller:profileinstaller:1.3.0] AndroidManifest.xml:49:13-51:29
153                <action android:name="androidx.profileinstaller.action.BENCHMARK_OPERATION" />
153-->[androidx.profileinstaller:profileinstaller:1.3.0] AndroidManifest.xml:50:17-95
153-->[androidx.profileinstaller:profileinstaller:1.3.0] AndroidManifest.xml:50:25-92
154            </intent-filter>
155        </receiver>
156    </application>
157
158</manifest>